[
  {
    "Plan": {
      "Node Type": "Aggregate",
      "Strategy": "Plain",
      "Partial Mode": "Finalize",
      "Parallel Aware": false,
      "Async Capable": false,
      "Startup Cost": 43259.62,
      "Total Cost": 43259.63,
      "Plan Rows": 1,
      "Plan Width": 8,
      "Actual Startup Time": 66.662,
      "Actual Total Time": 69.616,
      "Actual Rows": 1,
      "Actual Loops": 1,
      "Plans": [
        {
          "Node Type": "Gather",
          "Parent Relationship": "Outer",
          "Parallel Aware": false,
          "Async Capable": false,
          "Startup Cost": 43259.4,
          "Total Cost": 43259.61,
          "Plan Rows": 2,
          "Plan Width": 8,
          "Actual Startup Time": 66.619,
          "Actual Total Time": 69.614,
          "Actual Rows": 3,
          "Actual Loops": 1,
          "Workers Planned": 2,
          "Workers Launched": 2,
          "Single Copy": false,
          "Plans": [
            {
              "Node Type": "Aggregate",
              "Strategy": "Plain",
              "Partial Mode": "Partial",
              "Parent Relationship": "Outer",
              "Parallel Aware": false,
              "Async Capable": false,
              "Startup Cost": 42259.4,
              "Total Cost": 42259.41,
              "Plan Rows": 1,
              "Plan Width": 8,
              "Actual Startup Time": 64.56,
              "Actual Total Time": 64.56,
              "Actual Rows": 1,
              "Actual Loops": 3,
              "Workers": [],
              "Plans": [
                {
                  "Node Type": "Index Only Scan",
                  "Parent Relationship": "Outer",
                  "Parallel Aware": true,
                  "Async Capable": false,
                  "Scan Direction": "Forward",
                  "Index Name": "dm_plays_type_index",
                  "Relation Name": "dm_plays",
                  "Alias": "dm_plays",
                  "Startup Cost": 0.43,
                  "Total Cost": 39021.55,
                  "Plan Rows": 1295142,
                  "Plan Width": 0,
                  "Actual Startup Time": 0.017,
                  "Actual Total Time": 40.151,
                  "Actual Rows": 1036113,
                  "Actual Loops": 3,
                  "Heap Fetches": 0,
                  "Workers": []
                }
              ]
            }
          ]
        }
      ]
    },
    "Planning Time": 0.551,
    "Triggers": [],
    "Execution Time": 69.662
  }
]
