[
  {
    "Plan": {
      "Node Type": "CTE Scan",
      "Parallel Aware": false,
      "Async Capable": false,
      "CTE Name": "source",
      "Alias": "source",
      "Startup Cost": 2.64,
      "Total Cost": 3.26,
      "Plan Rows": 31,
      "Plan Width": 4,
      "Actual Startup Time": 0.002,
      "Actual Total Time": 0.008,
      "Actual Rows": 10,
      "Actual Loops": 1,
      "Shared Hit Blocks": 0,
      "Shared Read Blocks": 0,
      "Shared Dirtied Blocks": 0,
      "Shared Written Blocks": 0,
      "Local Hit Blocks": 0,
      "Local Read Blocks": 0,
      "Local Dirtied Blocks": 0,
      "Local Written Blocks": 0,
      "Temp Read Blocks": 0,
      "Temp Written Blocks": 0,
      "Plans": [
        {
          "Node Type": "Recursive Union",
          "Parent Relationship": "InitPlan",
          "Subplan Name": "CTE source",
          "Parallel Aware": false,
          "Async Capable": false,
          "Startup Cost": 0.0,
          "Total Cost": 2.64,
          "Plan Rows": 31,
          "Plan Width": 4,
          "Actual Startup Time": 0.001,
          "Actual Total Time": 0.007,
          "Actual Rows": 10,
          "Actual Loops": 1,
          "Shared Hit Blocks": 0,
          "Shared Read Blocks": 0,
          "Shared Dirtied Blocks": 0,
          "Shared Written Blocks": 0,
          "Local Hit Blocks": 0,
          "Local Read Blocks": 0,
          "Local Dirtied Blocks": 0,
          "Local Written Blocks": 0,
          "Temp Read Blocks": 0,
          "Temp Written Blocks": 0,
          "Plans": [
            {
              "Node Type": "Result",
              "Parent Relationship": "Outer",
              "Parallel Aware": false,
              "Async Capable": false,
              "Startup Cost": 0.0,
              "Total Cost": 0.01,
              "Plan Rows": 1,
              "Plan Width": 4,
              "Actual Startup Time": 0.001,
              "Actual Total Time": 0.001,
              "Actual Rows": 1,
              "Actual Loops": 1,
              "Shared Hit Blocks": 0,
              "Shared Read Blocks": 0,
              "Shared Dirtied Blocks": 0,
              "Shared Written Blocks": 0,
              "Local Hit Blocks": 0,
              "Local Read Blocks": 0,
              "Local Dirtied Blocks": 0,
              "Local Written Blocks": 0,
              "Temp Read Blocks": 0,
              "Temp Written Blocks": 0
            },
            {
              "Node Type": "WorkTable Scan",
              "Parent Relationship": "Inner",
              "Parallel Aware": false,
              "Async Capable": false,
              "CTE Name": "source",
              "Alias": "source_1",
              "Startup Cost": 0.0,
              "Total Cost": 0.23,
              "Plan Rows": 3,
              "Plan Width": 4,
              "Actual Startup Time": 0.0,
              "Actual Total Time": 0.0,
              "Actual Rows": 1,
              "Actual Loops": 10,
              "Filter": "(counter < 10)",
              "Rows Removed by Filter": 0,
              "Shared Hit Blocks": 0,
              "Shared Read Blocks": 0,
              "Shared Dirtied Blocks": 0,
              "Shared Written Blocks": 0,
              "Local Hit Blocks": 0,
              "Local Read Blocks": 0,
              "Local Dirtied Blocks": 0,
              "Local Written Blocks": 0,
              "Temp Read Blocks": 0,
              "Temp Written Blocks": 0
            }
          ]
        }
      ]
    },
    "Settings": {},
    "Planning": {
      "Shared Hit Blocks": 0,
      "Shared Read Blocks": 0,
      "Shared Dirtied Blocks": 0,
      "Shared Written Blocks": 0,
      "Local Hit Blocks": 0,
      "Local Read Blocks": 0,
      "Local Dirtied Blocks": 0,
      "Local Written Blocks": 0,
      "Temp Read Blocks": 0,
      "Temp Written Blocks": 0
    },
    "Planning Time": 0.036,
    "Triggers": [],
    "Execution Time": 0.032
  }
]
