[
  {
    "Plan": {
      "Node Type": "Nested Loop",
      "Parallel Aware": false,
      "Async Capable": false,
      "Join Type": "Semi",
      "Startup Cost": 0.29,
      "Total Cost": 1466.0,
      "Plan Rows": 1000,
      "Plan Width": 4,
      "Actual Startup Time": 0.023,
      "Actual Total Time": 0.901,
      "Actual Rows": 1000,
      "Actual Loops": 1,
      "Inner Unique": false,
      "Shared Hit Blocks": 2009,
      "Shared Read Blocks": 0,
      "Shared Dirtied Blocks": 0,
      "Shared Written Blocks": 0,
      "Local Hit Blocks": 0,
      "Local Read Blocks": 0,
      "Local Dirtied Blocks": 0,
      "Local Written Blocks": 0,
      "Temp Read Blocks": 0,
      "Temp Written Blocks": 0,
      "Plans": [
        {
          "Node Type": "Seq Scan",
          "Parent Relationship": "Outer",
          "Parallel Aware": false,
          "Async Capable": false,
          "Relation Name": "small",
          "Alias": "small",
          "Startup Cost": 0.0,
          "Total Cost": 18.0,
          "Plan Rows": 1000,
          "Plan Width": 4,
          "Actual Startup Time": 0.013,
          "Actual Total Time": 0.095,
          "Actual Rows": 1000,
          "Actual Loops": 1,
          "Shared Hit Blocks": 8,
          "Shared Read Blocks": 0,
          "Shared Dirtied Blocks": 0,
          "Shared Written Blocks": 0,
          "Local Hit Blocks": 0,
          "Local Read Blocks": 0,
          "Local Dirtied Blocks": 0,
          "Local Written Blocks": 0,
          "Temp Read Blocks": 0,
          "Temp Written Blocks": 0
        },
        {
          "Node Type": "Index Only Scan",
          "Parent Relationship": "Inner",
          "Parallel Aware": false,
          "Async Capable": false,
          "Scan Direction": "Forward",
          "Index Name": "i_medium",
          "Relation Name": "medium",
          "Alias": "medium",
          "Startup Cost": 0.29,
          "Total Cost": 1.44,
          "Plan Rows": 1,
          "Plan Width": 4,
          "Actual Startup Time": 0.001,
          "Actual Total Time": 0.001,
          "Actual Rows": 1,
          "Actual Loops": 1000,
          "Index Cond": "(x = small.x)",
          "Rows Removed by Index Recheck": 0,
          "Heap Fetches": 0,
          "Shared Hit Blocks": 2001,
          "Shared Read Blocks": 0,
          "Shared Dirtied Blocks": 0,
          "Shared Written Blocks": 0,
          "Local Hit Blocks": 0,
          "Local Read Blocks": 0,
          "Local Dirtied Blocks": 0,
          "Local Written Blocks": 0,
          "Temp Read Blocks": 0,
          "Temp Written Blocks": 0
        }
      ]
    },
    "Settings": {},
    "Planning": {
      "Shared Hit Blocks": 157,
      "Shared Read Blocks": 0,
      "Shared Dirtied Blocks": 0,
      "Shared Written Blocks": 0,
      "Local Hit Blocks": 0,
      "Local Read Blocks": 0,
      "Local Dirtied Blocks": 0,
      "Local Written Blocks": 0,
      "Temp Read Blocks": 0,
      "Temp Written Blocks": 0
    },
    "Planning Time": 0.658,
    "Triggers": [],
    "Execution Time": 0.982
  }
]
