[
  {
    "Plan": {
      "Node Type": "ModifyTable",
      "Operation": "Merge",
      "Parallel Aware": false,
      "Async Capable": false,
      "Relation Name": "mergetest",
      "Alias": "mergetest",
      "Startup Cost": 0.15,
      "Total Cost": 27.99,
      "Plan Rows": 0,
      "Plan Width": 0,
      "Actual Startup Time": 0.052,
      "Actual Total Time": 0.053,
      "Actual Rows": 0,
      "Actual Loops": 1,
      "Tuples Inserted": 0,
      "Tuples Updated": 6,
      "Tuples Deleted": 0,
      "Tuples Skipped": 0,
      "Shared Hit Blocks": 13,
      "Shared Read Blocks": 0,
      "Shared Dirtied Blocks": 0,
      "Shared Written Blocks": 0,
      "Local Hit Blocks": 0,
      "Local Read Blocks": 0,
      "Local Dirtied Blocks": 0,
      "Local Written Blocks": 0,
      "Temp Read Blocks": 0,
      "Temp Written Blocks": 0,
      "Plans": [
        {
          "Node Type": "Hash Join",
          "Parent Relationship": "Outer",
          "Parallel Aware": false,
          "Async Capable": false,
          "Join Type": "Right",
          "Startup Cost": 0.15,
          "Total Cost": 27.99,
          "Plan Rows": 38,
          "Plan Width": 38,
          "Actual Startup Time": 0.034,
          "Actual Total Time": 0.037,
          "Actual Rows": 6,
          "Actual Loops": 1,
          "Inner Unique": false,
          "Hash Cond": "(mergetest.x = \"*VALUES*\".column1)",
          "Shared Hit Blocks": 1,
          "Shared Read Blocks": 0,
          "Shared Dirtied Blocks": 0,
          "Shared Written Blocks": 0,
          "Local Hit Blocks": 0,
          "Local Read Blocks": 0,
          "Local Dirtied Blocks": 0,
          "Local Written Blocks": 0,
          "Temp Read Blocks": 0,
          "Temp Written Blocks": 0,
          "Plans": [
            {
              "Node Type": "Seq Scan",
              "Parent Relationship": "Outer",
              "Parallel Aware": false,
              "Async Capable": false,
              "Relation Name": "mergetest",
              "Alias": "mergetest",
              "Startup Cost": 0.0,
              "Total Cost": 22.7,
              "Plan Rows": 1270,
              "Plan Width": 10,
              "Actual Startup Time": 0.007,
              "Actual Total Time": 0.008,
              "Actual Rows": 6,
              "Actual Loops": 1,
              "Shared Hit Blocks": 1,
              "Shared Read Blocks": 0,
              "Shared Dirtied Blocks": 0,
              "Shared Written Blocks": 0,
              "Local Hit Blocks": 0,
              "Local Read Blocks": 0,
              "Local Dirtied Blocks": 0,
              "Local Written Blocks": 0,
              "Temp Read Blocks": 0,
              "Temp Written Blocks": 0
            },
            {
              "Node Type": "Hash",
              "Parent Relationship": "Inner",
              "Parallel Aware": false,
              "Async Capable": false,
              "Startup Cost": 0.08,
              "Total Cost": 0.08,
              "Plan Rows": 6,
              "Plan Width": 32,
              "Actual Startup Time": 0.018,
              "Actual Total Time": 0.019,
              "Actual Rows": 6,
              "Actual Loops": 1,
              "Hash Buckets": 1024,
              "Original Hash Buckets": 1024,
              "Hash Batches": 1,
              "Original Hash Batches": 1,
              "Peak Memory Usage": 9,
              "Shared Hit Blocks": 0,
              "Shared Read Blocks": 0,
              "Shared Dirtied Blocks": 0,
              "Shared Written Blocks": 0,
              "Local Hit Blocks": 0,
              "Local Read Blocks": 0,
              "Local Dirtied Blocks": 0,
              "Local Written Blocks": 0,
              "Temp Read Blocks": 0,
              "Temp Written Blocks": 0,
              "Plans": [
                {
                  "Node Type": "Values Scan",
                  "Parent Relationship": "Outer",
                  "Parallel Aware": false,
                  "Async Capable": false,
                  "Alias": "*VALUES*",
                  "Startup Cost": 0.0,
                  "Total Cost": 0.08,
                  "Plan Rows": 6,
                  "Plan Width": 32,
                  "Actual Startup Time": 0.011,
                  "Actual Total Time": 0.011,
                  "Actual Rows": 6,
                  "Actual Loops": 1,
                  "Shared Hit Blocks": 0,
                  "Shared Read Blocks": 0,
                  "Shared Dirtied Blocks": 0,
                  "Shared Written Blocks": 0,
                  "Local Hit Blocks": 0,
                  "Local Read Blocks": 0,
                  "Local Dirtied Blocks": 0,
                  "Local Written Blocks": 0,
                  "Temp Read Blocks": 0,
                  "Temp Written Blocks": 0
                }
              ]
            }
          ]
        }
      ]
    },
    "Settings": {},
    "Planning": {
      "Shared Hit Blocks": 108,
      "Shared Read Blocks": 0,
      "Shared Dirtied Blocks": 0,
      "Shared Written Blocks": 0,
      "Local Hit Blocks": 0,
      "Local Read Blocks": 0,
      "Local Dirtied Blocks": 0,
      "Local Written Blocks": 0,
      "Temp Read Blocks": 0,
      "Temp Written Blocks": 0
    },
    "Planning Time": 0.19,
    "Triggers": [],
    "Execution Time": 0.078
  }
]
