[
  {
    "Plan": {
      "Node Type": "SetOp",
      "Strategy": "Hashed",
      "Parallel Aware": false,
      "Async Capable": false,
      "Command": "Except",
      "Startup Cost": 0.0,
      "Total Cost": 71.0,
      "Plan Rows": 1000,
      "Plan Width": 8,
      "Actual Startup Time": 0.789,
      "Actual Total Time": 0.79,
      "Actual Rows": 0,
      "Actual Loops": 1,
      "Shared Hit Blocks": 16,
      "Shared Read Blocks": 0,
      "Shared Dirtied Blocks": 0,
      "Shared Written Blocks": 0,
      "Local Hit Blocks": 0,
      "Local Read Blocks": 0,
      "Local Dirtied Blocks": 0,
      "Local Written Blocks": 0,
      "Temp Read Blocks": 0,
      "Temp Written Blocks": 0,
      "Plans": [
        {
          "Node Type": "Append",
          "Parent Relationship": "Outer",
          "Parallel Aware": false,
          "Async Capable": false,
          "Startup Cost": 0.0,
          "Total Cost": 66.0,
          "Plan Rows": 2000,
          "Plan Width": 8,
          "Actual Startup Time": 0.014,
          "Actual Total Time": 0.509,
          "Actual Rows": 2000,
          "Actual Loops": 1,
          "Shared Hit Blocks": 16,
          "Shared Read Blocks": 0,
          "Shared Dirtied Blocks": 0,
          "Shared Written Blocks": 0,
          "Local Hit Blocks": 0,
          "Local Read Blocks": 0,
          "Local Dirtied Blocks": 0,
          "Local Written Blocks": 0,
          "Temp Read Blocks": 0,
          "Temp Written Blocks": 0,
          "Subplans Removed": 0,
          "Plans": [
            {
              "Node Type": "Subquery Scan",
              "Parent Relationship": "Member",
              "Parallel Aware": false,
              "Async Capable": false,
              "Alias": "*SELECT* 1",
              "Startup Cost": 0.0,
              "Total Cost": 28.0,
              "Plan Rows": 1000,
              "Plan Width": 8,
              "Actual Startup Time": 0.014,
              "Actual Total Time": 0.193,
              "Actual Rows": 1000,
              "Actual Loops": 1,
              "Shared Hit Blocks": 8,
              "Shared Read Blocks": 0,
              "Shared Dirtied Blocks": 0,
              "Shared Written Blocks": 0,
              "Local Hit Blocks": 0,
              "Local Read Blocks": 0,
              "Local Dirtied Blocks": 0,
              "Local Written Blocks": 0,
              "Temp Read Blocks": 0,
              "Temp Written Blocks": 0,
              "Plans": [
                {
                  "Node Type": "Seq Scan",
                  "Parent Relationship": "Subquery",
                  "Parallel Aware": false,
                  "Async Capable": false,
                  "Relation Name": "small",
                  "Alias": "small",
                  "Startup Cost": 0.0,
                  "Total Cost": 18.0,
                  "Plan Rows": 1000,
                  "Plan Width": 4,
                  "Actual Startup Time": 0.012,
                  "Actual Total Time": 0.098,
                  "Actual Rows": 1000,
                  "Actual Loops": 1,
                  "Shared Hit Blocks": 8,
                  "Shared Read Blocks": 0,
                  "Shared Dirtied Blocks": 0,
                  "Shared Written Blocks": 0,
                  "Local Hit Blocks": 0,
                  "Local Read Blocks": 0,
                  "Local Dirtied Blocks": 0,
                  "Local Written Blocks": 0,
                  "Temp Read Blocks": 0,
                  "Temp Written Blocks": 0
                }
              ]
            },
            {
              "Node Type": "Subquery Scan",
              "Parent Relationship": "Member",
              "Parallel Aware": false,
              "Async Capable": false,
              "Alias": "*SELECT* 2",
              "Startup Cost": 0.0,
              "Total Cost": 28.0,
              "Plan Rows": 1000,
              "Plan Width": 8,
              "Actual Startup Time": 0.014,
              "Actual Total Time": 0.171,
              "Actual Rows": 1000,
              "Actual Loops": 1,
              "Shared Hit Blocks": 8,
              "Shared Read Blocks": 0,
              "Shared Dirtied Blocks": 0,
              "Shared Written Blocks": 0,
              "Local Hit Blocks": 0,
              "Local Read Blocks": 0,
              "Local Dirtied Blocks": 0,
              "Local Written Blocks": 0,
              "Temp Read Blocks": 0,
              "Temp Written Blocks": 0,
              "Plans": [
                {
                  "Node Type": "Seq Scan",
                  "Parent Relationship": "Subquery",
                  "Parallel Aware": false,
                  "Async Capable": false,
                  "Relation Name": "small",
                  "Alias": "small_1",
                  "Startup Cost": 0.0,
                  "Total Cost": 18.0,
                  "Plan Rows": 1000,
                  "Plan Width": 4,
                  "Actual Startup Time": 0.013,
                  "Actual Total Time": 0.078,
                  "Actual Rows": 1000,
                  "Actual Loops": 1,
                  "Shared Hit Blocks": 8,
                  "Shared Read Blocks": 0,
                  "Shared Dirtied Blocks": 0,
                  "Shared Written Blocks": 0,
                  "Local Hit Blocks": 0,
                  "Local Read Blocks": 0,
                  "Local Dirtied Blocks": 0,
                  "Local Written Blocks": 0,
                  "Temp Read Blocks": 0,
                  "Temp Written Blocks": 0
                }
              ]
            }
          ]
        }
      ]
    },
    "Settings": {},
    "Planning": {
      "Shared Hit Blocks": 20,
      "Shared Read Blocks": 0,
      "Shared Dirtied Blocks": 0,
      "Shared Written Blocks": 0,
      "Local Hit Blocks": 0,
      "Local Read Blocks": 0,
      "Local Dirtied Blocks": 0,
      "Local Written Blocks": 0,
      "Temp Read Blocks": 0,
      "Temp Written Blocks": 0
    },
    "Planning Time": 0.228,
    "Triggers": [],
    "Execution Time": 0.931
  }
]
