[
  {
    "Plan": {
      "Node Type": "Seq Scan",
      "Parallel Aware": false,
      "Async Capable": false,
      "Relation Name": "small",
      "Alias": "small",
      "Startup Cost": 6976.59,
      "Total Cost": 6997.09,
      "Plan Rows": 500,
      "Plan Width": 4,
      "Actual Startup Time": 32.492,
      "Actual Total Time": 32.492,
      "Actual Rows": 0,
      "Actual Loops": 1,
      "Filter": "(NOT (hashed SubPlan 1))",
      "Rows Removed by Filter": 1000,
      "Shared Hit Blocks": 288,
      "Shared Read Blocks": 272,
      "Shared Dirtied Blocks": 0,
      "Shared Written Blocks": 0,
      "Local Hit Blocks": 0,
      "Local Read Blocks": 0,
      "Local Dirtied Blocks": 0,
      "Local Written Blocks": 0,
      "Temp Read Blocks": 0,
      "Temp Written Blocks": 0,
      "Plans": [
        {
          "Node Type": "Merge Join",
          "Parent Relationship": "SubPlan",
          "Subplan Name": "SubPlan 1",
          "Parallel Aware": false,
          "Async Capable": false,
          "Join Type": "Inner",
          "Startup Cost": 0.58,
          "Total Cost": 6726.59,
          "Plan Rows": 100000,
          "Plan Width": 4,
          "Actual Startup Time": 0.018,
          "Actual Total Time": 19.663,
          "Actual Rows": 100000,
          "Actual Loops": 1,
          "Inner Unique": false,
          "Merge Cond": "(m1.x = m2.x)",
          "Shared Hit Blocks": 280,
          "Shared Read Blocks": 272,
          "Shared Dirtied Blocks": 0,
          "Shared Written Blocks": 0,
          "Local Hit Blocks": 0,
          "Local Read Blocks": 0,
          "Local Dirtied Blocks": 0,
          "Local Written Blocks": 0,
          "Temp Read Blocks": 0,
          "Temp Written Blocks": 0,
          "Plans": [
            {
              "Node Type": "Index Only Scan",
              "Parent Relationship": "Outer",
              "Parallel Aware": false,
              "Async Capable": false,
              "Scan Direction": "Forward",
              "Index Name": "i_medium",
              "Relation Name": "medium",
              "Alias": "m1",
              "Startup Cost": 0.29,
              "Total Cost": 2613.29,
              "Plan Rows": 100000,
              "Plan Width": 4,
              "Actual Startup Time": 0.009,
              "Actual Total Time": 3.943,
              "Actual Rows": 100000,
              "Actual Loops": 1,
              "Heap Fetches": 0,
              "Shared Hit Blocks": 276,
              "Shared Read Blocks": 0,
              "Shared Dirtied Blocks": 0,
              "Shared Written Blocks": 0,
              "Local Hit Blocks": 0,
              "Local Read Blocks": 0,
              "Local Dirtied Blocks": 0,
              "Local Written Blocks": 0,
              "Temp Read Blocks": 0,
              "Temp Written Blocks": 0
            },
            {
              "Node Type": "Index Only Scan",
              "Parent Relationship": "Inner",
              "Parallel Aware": false,
              "Async Capable": false,
              "Scan Direction": "Forward",
              "Index Name": "i_medium",
              "Relation Name": "medium",
              "Alias": "m2",
              "Startup Cost": 0.29,
              "Total Cost": 2613.29,
              "Plan Rows": 100000,
              "Plan Width": 4,
              "Actual Startup Time": 0.007,
              "Actual Total Time": 5.814,
              "Actual Rows": 100000,
              "Actual Loops": 1,
              "Heap Fetches": 0,
              "Shared Hit Blocks": 4,
              "Shared Read Blocks": 272,
              "Shared Dirtied Blocks": 0,
              "Shared Written Blocks": 0,
              "Local Hit Blocks": 0,
              "Local Read Blocks": 0,
              "Local Dirtied Blocks": 0,
              "Local Written Blocks": 0,
              "Temp Read Blocks": 0,
              "Temp Written Blocks": 0
            }
          ]
        }
      ]
    },
    "Settings": {},
    "Planning": {
      "Shared Hit Blocks": 166,
      "Shared Read Blocks": 0,
      "Shared Dirtied Blocks": 0,
      "Shared Written Blocks": 0,
      "Local Hit Blocks": 0,
      "Local Read Blocks": 0,
      "Local Dirtied Blocks": 0,
      "Local Written Blocks": 0,
      "Temp Read Blocks": 0,
      "Temp Written Blocks": 0
    },
    "Planning Time": 0.448,
    "Triggers": [],
    "Execution Time": 33.041
  }
]
